{"/home/stew/projects/cruise-ships/src/itinerary.js": {"path":"/home/stew/projects/cruise-ships/src/itinerary.js","statementMap":{"0":{"start":{"line":5,"column":8},"end":{"line":5,"column":27}},"1":{"start":{"line":9,"column":0},"end":{"line":9,"column":27}}},"fnMap":{"0":{"name":"(anonymous_0)","decl":{"start":{"line":4,"column":4},"end":{"line":4,"column":5}},"loc":{"start":{"line":4,"column":27},"end":{"line":6,"column":5}},"line":4}},"branchMap":{},"s":{"0":2,"1":1},"f":{"0":2},"b":{},"_coverageSchema":"1a1c01bbd47fc00a2c39e90264f33305004495a9","hash":"4677af1f2a843802f69ee8ef3f83582667cdd128"}
,"/home/stew/projects/cruise-ships/src/port.js": {"path":"/home/stew/projects/cruise-ships/src/port.js","statementMap":{"0":{"start":{"line":5,"column":8},"end":{"line":5,"column":25}},"1":{"start":{"line":6,"column":8},"end":{"line":6,"column":25}},"2":{"start":{"line":10,"column":8},"end":{"line":10,"column":31}},"3":{"start":{"line":14,"column":28},"end":{"line":16,"column":10}},"4":{"start":{"line":15,"column":12},"end":{"line":15,"column":31}},"5":{"start":{"line":17,"column":8},"end":{"line":17,"column":43}},"6":{"start":{"line":21,"column":0},"end":{"line":21,"column":22}}},"fnMap":{"0":{"name":"(anonymous_0)","decl":{"start":{"line":4,"column":4},"end":{"line":4,"column":5}},"loc":{"start":{"line":4,"column":26},"end":{"line":7,"column":5}},"line":4},"1":{"name":"(anonymous_1)","decl":{"start":{"line":9,"column":4},"end":{"line":9,"column":5}},"loc":{"start":{"line":9,"column":18},"end":{"line":11,"column":5}},"line":9},"2":{"name":"(anonymous_2)","decl":{"start":{"line":13,"column":4},"end":{"line":13,"column":5}},"loc":{"start":{"line":13,"column":21},"end":{"line":18,"column":5}},"line":13},"3":{"name":"(anonymous_3)","decl":{"start":{"line":14,"column":50},"end":{"line":14,"column":51}},"loc":{"start":{"line":14,"column":56},"end":{"line":16,"column":9}},"line":14}},"branchMap":{},"s":{"0":5,"1":5,"2":2,"3":1,"4":1,"5":1,"6":1},"f":{"0":5,"1":2,"2":1,"3":1},"b":{},"_coverageSchema":"1a1c01bbd47fc00a2c39e90264f33305004495a9","hash":"b7e27a2b5cc311f3f73ea5b9158420ce10acb0af"}
,"/home/stew/projects/cruise-ships/src/ship.js": {"path":"/home/stew/projects/cruise-ships/src/ship.js","statementMap":{"0":{"start":{"line":3,"column":17},"end":{"line":15,"column":1}},"1":{"start":{"line":19,"column":8},"end":{"line":19,"column":63}},"2":{"start":{"line":20,"column":8},"end":{"line":20,"column":37}},"3":{"start":{"line":21,"column":8},"end":{"line":21,"column":59}},"4":{"start":{"line":22,"column":8},"end":{"line":22,"column":41}},"5":{"start":{"line":23,"column":8},"end":{"line":23,"column":21}},"6":{"start":{"line":27,"column":8},"end":{"line":29,"column":9}},"7":{"start":{"line":28,"column":12},"end":{"line":28,"column":64}},"8":{"start":{"line":31,"column":8},"end":{"line":35,"column":9}},"9":{"start":{"line":32,"column":12},"end":{"line":32,"column":57}},"10":{"start":{"line":33,"column":12},"end":{"line":33,"column":44}},"11":{"start":{"line":34,"column":12},"end":{"line":34,"column":39}},"12":{"start":{"line":39,"column":8},"end":{"line":41,"column":9}},"13":{"start":{"line":40,"column":12},"end":{"line":40,"column":60}},"14":{"start":{"line":43,"column":8},"end":{"line":47,"column":9}},"15":{"start":{"line":46,"column":12},"end":{"line":46,"column":60}},"16":{"start":{"line":49,"column":8},"end":{"line":49,"column":33}},"17":{"start":{"line":51,"column":29},"end":{"line":51,"column":58}},"18":{"start":{"line":53,"column":8},"end":{"line":53,"column":38}},"19":{"start":{"line":55,"column":8},"end":{"line":55,"column":55}},"20":{"start":{"line":57,"column":8},"end":{"line":57,"column":85}},"21":{"start":{"line":61,"column":8},"end":{"line":63,"column":9}},"22":{"start":{"line":62,"column":12},"end":{"line":62,"column":68}},"23":{"start":{"line":65,"column":8},"end":{"line":67,"column":9}},"24":{"start":{"line":66,"column":12},"end":{"line":66,"column":59}},"25":{"start":{"line":69,"column":8},"end":{"line":69,"column":53}},"26":{"start":{"line":71,"column":8},"end":{"line":71,"column":40}},"27":{"start":{"line":73,"column":8},"end":{"line":73,"column":67}},"28":{"start":{"line":77,"column":0},"end":{"line":77,"column":22}}},"fnMap":{"0":{"name":"(anonymous_0)","decl":{"start":{"line":18,"column":4},"end":{"line":18,"column":5}},"loc":{"start":{"line":18,"column":32},"end":{"line":24,"column":5}},"line":18},"1":{"name":"(anonymous_1)","decl":{"start":{"line":26,"column":4},"end":{"line":26,"column":5}},"loc":{"start":{"line":26,"column":12},"end":{"line":36,"column":5}},"line":26},"2":{"name":"(anonymous_2)","decl":{"start":{"line":38,"column":4},"end":{"line":38,"column":5}},"loc":{"start":{"line":38,"column":15},"end":{"line":58,"column":5}},"line":38},"3":{"name":"(anonymous_3)","decl":{"start":{"line":60,"column":4},"end":{"line":60,"column":5}},"loc":{"start":{"line":60,"column":12},"end":{"line":74,"column":5}},"line":60}},"branchMap":{"0":{"loc":{"start":{"line":27,"column":8},"end":{"line":29,"column":9}},"type":"if","locations":[{"start":{"line":27,"column":8},"end":{"line":29,"column":9}},{"start":{},"end":{}}],"line":27},"1":{"loc":{"start":{"line":31,"column":8},"end":{"line":35,"column":9}},"type":"if","locations":[{"start":{"line":31,"column":8},"end":{"line":35,"column":9}},{"start":{},"end":{}}],"line":31},"2":{"loc":{"start":{"line":39,"column":8},"end":{"line":41,"column":9}},"type":"if","locations":[{"start":{"line":39,"column":8},"end":{"line":41,"column":9}},{"start":{},"end":{}}],"line":39},"3":{"loc":{"start":{"line":43,"column":8},"end":{"line":47,"column":9}},"type":"if","locations":[{"start":{"line":43,"column":8},"end":{"line":47,"column":9}},{"start":{},"end":{}}],"line":43},"4":{"loc":{"start":{"line":44,"column":12},"end":{"line":45,"column":91}},"type":"binary-expr","locations":[{"start":{"line":44,"column":12},"end":{"line":44,"column":30}},{"start":{"line":45,"column":15},"end":{"line":45,"column":53}},{"start":{"line":45,"column":57},"end":{"line":45,"column":91}}],"line":44},"5":{"loc":{"start":{"line":61,"column":8},"end":{"line":63,"column":9}},"type":"if","locations":[{"start":{"line":61,"column":8},"end":{"line":63,"column":9}},{"start":{},"end":{}}],"line":61},"6":{"loc":{"start":{"line":65,"column":8},"end":{"line":67,"column":9}},"type":"if","locations":[{"start":{"line":65,"column":8},"end":{"line":67,"column":9}},{"start":{},"end":{}}],"line":65}},"s":{"0":1,"1":28,"2":28,"3":28,"4":28,"5":28,"6":34,"7":1,"8":33,"9":31,"10":31,"11":31,"12":8,"13":1,"14":7,"15":2,"16":5,"17":5,"18":5,"19":5,"20":5,"21":5,"22":1,"23":4,"24":1,"25":3,"26":3,"27":3,"28":1},"f":{"0":28,"1":34,"2":8,"3":5},"b":{"0":[1,33],"1":[31,2],"2":[1,7],"3":[2,5],"4":[7,6,1],"5":[1,4],"6":[1,3]},"_coverageSchema":"1a1c01bbd47fc00a2c39e90264f33305004495a9","hash":"99e84f392791430ecba60c3e19f97d3ba458794e"}
}
