TN:
SF:src/itinerary.js
FN:4,(anonymous_0)
FNF:1
FNH:1
FNDA:2,(anonymous_0)
DA:5,2
DA:9,1
LF:2
LH:2
BRF:0
BRH:0
end_of_record
TN:
SF:src/port.js
FN:4,(anonymous_0)
FN:9,(anonymous_1)
FN:13,(anonymous_2)
FN:14,(anonymous_3)
FNF:4
FNH:4
FNDA:5,(anonymous_0)
FNDA:2,(anonymous_1)
FNDA:1,(anonymous_2)
FNDA:1,(anonymous_3)
DA:5,5
DA:6,5
DA:10,2
DA:14,1
DA:15,1
DA:17,1
DA:21,1
LF:7
LH:7
BRF:0
BRH:0
end_of_record
TN:
SF:src/ship.js
FN:18,(anonymous_0)
FN:26,(anonymous_1)
FN:38,(anonymous_2)
FN:60,(anonymous_3)
FNF:4
FNH:4
FNDA:28,(anonymous_0)
FNDA:34,(anonymous_1)
FNDA:8,(anonymous_2)
FNDA:5,(anonymous_3)
DA:3,1
DA:19,28
DA:20,28
DA:21,28
DA:22,28
DA:23,28
DA:27,34
DA:28,1
DA:31,33
DA:32,31
DA:33,31
DA:34,31
DA:39,8
DA:40,1
DA:43,7
DA:46,2
DA:49,5
DA:51,5
DA:53,5
DA:55,5
DA:57,5
DA:61,5
DA:62,1
DA:65,4
DA:66,1
DA:69,3
DA:71,3
DA:73,3
DA:77,1
LF:29
LH:29
BRDA:27,0,0,1
BRDA:27,0,1,33
BRDA:31,1,0,31
BRDA:31,1,1,2
BRDA:39,2,0,1
BRDA:39,2,1,7
BRDA:43,3,0,2
BRDA:43,3,1,5
BRDA:44,4,0,7
BRDA:44,4,1,6
BRDA:44,4,2,1
BRDA:61,5,0,1
BRDA:61,5,1,4
BRDA:65,6,0,1
BRDA:65,6,1,3
BRF:15
BRH:15
end_of_record
